<?xml version="1.0" encoding="UTF-8"?>
<!-- Generated by org.testng.reporters.JUnitXMLReporter -->
<testsuite ignored="0" hostname="DylanDesk" failures="0" tests="4" name="Default test" time="23.699" errors="0" timestamp="2026-08-22T16:03:41 PDT">
  <testcase classname="tests.ErrorValidation" name="LoginErrorValidation" time="0.557"/>
  <testcase classname="tests.ErrorValidation" name="LoginErrorValidation" time="0.506"/>
  <testcase classname="tests.ErrorValidation" name="ProductErrorValidation" time="2.574"/>
  <testcase classname="tests.ErrorValidation" name="ProductErrorValidation" time="2.611"/>
</testsuite> <!-- Default test -->
