<?xml version="1.0" encoding="UTF-8"?>
<!-- Generated by org.testng.reporters.JUnitXMLReporter -->
<testsuite ignored="0" hostname="DylanDesk" failures="0" tests="4" name="Error Validation Test" time="26.192" errors="0" timestamp="2026-08-23T14:40:42 PDT">
  <testcase classname="tests.ErrorValidation" name="LoginErrorValidation" time="0.625"/>
  <testcase classname="tests.ErrorValidation" name="LoginErrorValidation" time="0.591"/>
  <testcase classname="tests.ErrorValidation" name="ProductErrorValidation" time="2.778"/>
  <testcase classname="tests.ErrorValidation" name="ProductErrorValidation" time="2.743"/>
</testsuite> <!-- Error Validation Test -->
