<?xml version="1.0" encoding="UTF-8"?>
<!-- Generated by org.testng.reporters.JUnitXMLReporter -->
<testsuite ignored="0" hostname="DylanDesk" failures="0" tests="5" name="Error Validation Test" time="64.31" errors="0" timestamp="2026-08-23T17:03:52 PDT">
  <testcase classname="tests.ErrorValidation" name="LoginErrorValidation" time="0.58"/>
  <testcase classname="tests.ErrorValidation" name="LoginErrorValidation" time="0.573"/>
  <testcase classname="tests.ErrorValidation" name="ProductErrorValidation" time="32.493">
    <skipped/>
  </testcase> <!-- ProductErrorValidation -->
  <testcase classname="tests.ErrorValidation" name="ProductErrorValidation" time="2.714"/>
  <testcase classname="tests.ErrorValidation" name="ProductErrorValidation" time="2.748"/>
</testsuite> <!-- Error Validation Test -->
