<?xml version="1.0" encoding="UTF-8"?>
<!-- Generated by org.testng.reporters.JUnitXMLReporter -->
<testsuite ignored="0" hostname="DylanDesk" failures="0" tests="4" name="Submit Order Test" time="30.038" errors="0" timestamp="2026-08-23T17:03:18 PDT">
  <testcase classname="tests.SubmitOrderTest" name="submitOrder" time="3.892"/>
  <testcase classname="tests.SubmitOrderTest" name="submitOrder" time="3.759"/>
  <testcase classname="tests.SubmitOrderTest" name="OrderHistoryTest" time="1.217"/>
  <testcase classname="tests.SubmitOrderTest" name="OrderHistoryTest" time="1.087"/>
</testsuite> <!-- Submit Order Test -->
