<?xml version="1.0" encoding="UTF-8"?>
<!-- Generated by org.testng.reporters.JUnitXMLReporter -->
<testsuite ignored="0" hostname="DylanDesk" failures="0" tests="4" name="Submit Order Test" time="28.446" errors="0" timestamp="2026-08-23T13:19:44 PDT">
  <testcase classname="tests.SubmitOrderTest" name="submitOrder" time="3.821"/>
  <testcase classname="tests.SubmitOrderTest" name="submitOrder" time="3.848"/>
  <testcase classname="tests.SubmitOrderTest" name="OrderHistoryTest" time="1.009"/>
  <testcase classname="tests.SubmitOrderTest" name="OrderHistoryTest" time="1.079"/>
</testsuite> <!-- Submit Order Test -->
