<?xml version="1.0" encoding="UTF-8"?>
<!-- Generated by org.testng.reporters.JUnitXMLReporter -->
<testsuite ignored="0" hostname="DylanDesk" failures="0" tests="4" name="Error Validation Test" time="26.969" errors="0" timestamp="2026-08-23T23:29:59 PDT">
  <testcase classname="tests.ErrorValidation" name="LoginErrorValidation" time="0.576"/>
  <testcase classname="tests.ErrorValidation" name="LoginErrorValidation" time="0.571"/>
  <testcase classname="tests.ErrorValidation" name="ProductErrorValidation" time="2.702"/>
  <testcase classname="tests.ErrorValidation" name="ProductErrorValidation" time="2.696"/>
</testsuite> <!-- Error Validation Test -->
