<?xml version="1.0" encoding="UTF-8"?>
<!-- Generated by org.testng.reporters.JUnitXMLReporter -->
<testsuite ignored="0" hostname="DylanDesk" failures="0" tests="4" name="Error Validation Test" time="27.523" errors="0" timestamp="2026-08-23T22:50:07 PDT">
  <testcase classname="tests.ErrorValidation" name="LoginErrorValidation" time="0.639"/>
  <testcase classname="tests.ErrorValidation" name="LoginErrorValidation" time="0.625"/>
  <testcase classname="tests.ErrorValidation" name="ProductErrorValidation" time="2.844"/>
  <testcase classname="tests.ErrorValidation" name="ProductErrorValidation" time="2.908"/>
</testsuite> <!-- Error Validation Test -->
