<?xml version="1.0" encoding="UTF-8"?>
<!-- Generated by org.testng.reporters.JUnitXMLReporter -->
<testsuite ignored="0" hostname="DylanDesk" failures="0" tests="4" name="Submit Order Test" time="29.466" errors="0" timestamp="2026-08-23T22:50:09 PDT">
  <testcase classname="tests.SubmitOrderTest" name="submitOrder" time="3.91"/>
  <testcase classname="tests.SubmitOrderTest" name="submitOrder" time="3.862"/>
  <testcase classname="tests.SubmitOrderTest" name="OrderHistoryTest" time="1.219"/>
  <testcase classname="tests.SubmitOrderTest" name="OrderHistoryTest" time="1.183"/>
</testsuite> <!-- Submit Order Test -->
