<?xml version="1.0" encoding="UTF-8"?>
<testsuite xmlns:xsi="http://www.w3.org/2001/XMLSchema-instance" xsi:noNamespaceSchemaLocation="https://maven.apache.org/surefire/maven-surefire-plugin/xsd/surefire-test-report.xsd" version="3.0.2" name="TestSuite" time="29.952" tests="12" errors="0" skipped="0" failures="0" flakes="0">
  <properties>
[...]
</properties>
  <testcase name="LoginErrorValidation[{password=1999222dst!taN1999222, product=ZARA COAT 3, email=misterdcs92@gmail.com}](1)" classname="tests.ErrorValidation" time="0.47">
    <system-err><![CDATA[SLF4J(W): No SLF4J providers were found.
SLF4J(W): Defaulting to no-operation (NOP) logger implementation
SLF4J(W): See https://www.slf4j.org/codes.html#noProviders for further details.
]]></system-err>
  </testcase>
  <testcase name="LoginErrorValidation[{password=1999222dst!taN1999222, product=ADIDAS ORIGINAL, email=misterdcs1992@gmail.com}](2)" classname="tests.ErrorValidation" time="0.625"/>
  <testcase name="ProductErrorValidation[{password=1999222dst!taN1999222, product=ZARA COAT 3, email=misterdcs92@gmail.com}](1)" classname="tests.ErrorValidation" time="2.844"/>
  <testcase name="ProductErrorValidation[{password=1999222dst!taN1999222, product=ADIDAS ORIGINAL, email=misterdcs1992@gmail.com}](2)" classname="tests.ErrorValidation" time="2.906"/>
  <testcase name="runScenario[&quot;Test incorrect name and password using misterdcs92@gmail.com&quot;, &quot;Error validation&quot;](1)" classname="cucumber.TestNGTestRunner" time="0.733"/>
  <testcase name="runScenario[&quot;Test incorrect name and password using misterdcs1992@gmail.com&quot;, &quot;Error validation&quot;](2)" classname="cucumber.TestNGTestRunner" time="0.655"/>
  <testcase name="runScenario[&quot;Submit order for ZARA COAT 3 using misterdcs92@gmail.com&quot;, &quot;Purchase the order from Ecommerce Website&quot;](3)" classname="cucumber.TestNGTestRunner" time="3.904"/>
  <testcase name="runScenario[&quot;Submit order for ADIDAS ORIGINAL using misterdcs1992@gmail.com&quot;, &quot;Purchase the order from Ecommerce Website&quot;](4)" classname="cucumber.TestNGTestRunner" time="0.334"/>
  <testcase name="submitOrder[{password=1999222dst!taN1999222, product=ZARA COAT 3, email=misterdcs92@gmail.com}](1)" classname="tests.SubmitOrderTest" time="3.179"/>
  <testcase name="submitOrder[{password=1999222dst!taN1999222, product=ADIDAS ORIGINAL, email=misterdcs1992@gmail.com}](2)" classname="tests.SubmitOrderTest" time="1.831"/>
  <testcase name="OrderHistoryTest[{password=1999222dst!taN1999222, product=ZARA COAT 3, email=misterdcs92@gmail.com}](1)" classname="tests.SubmitOrderTest" time="1.22"/>
  <testcase name="OrderHistoryTest[{password=1999222dst!taN1999222, product=ADIDAS ORIGINAL, email=misterdcs1992@gmail.com}](2)" classname="tests.SubmitOrderTest" time="1.183"/>
</testsuite>