<?xml version="1.0" encoding="UTF-8"?>
<testng-results ignored="0" total="4" passed="4" failed="0" skipped="0">
  <reporter-output>
  </reporter-output>
  <suite started-at="2026-08-23T19:40:23 PDT" name="Suite" finished-at="2026-08-23T19:40:52 PDT" duration-ms="28305">
    <groups>
      <group name="cucumber">
        <method signature="AbstractTestNGCucumberTests.runScenario(io.cucumber.testng.PickleWrapper,io.cucumber.testng.FeatureWrapper)[pri:0, instance:cucumber.TestNGTestRunner@791d1f8b]" name="runScenario" class="io.cucumber.testng.AbstractTestNGCucumberTests"/>
      </group> <!-- cucumber -->
    </groups>
    <test started-at="2026-08-23T19:40:23 PDT" name="Cucumber Tests" finished-at="2026-08-23T19:40:52 PDT" duration-ms="28305">
      <class name="cucumber.TestNGTestRunner">
        <test-method is-config="true" signature="setUpClass(org.testng.ITestContext)[pri:0, instance:cucumber.TestNGTestRunner@791d1f8b]" started-at="2026-08-23T19:40:23 PDT" name="setUpClass" finished-at="2026-08-23T19:40:24 PDT" duration-ms="413" status="PASS">
          <params>
            <param index="0">
              <value>
                <![CDATA[org.testng.TestRunner@5e3d57c7]]>
              </value>
            </param>
          </params>
          <reporter-output>
          </reporter-output>
        </test-method> <!-- setUpClass -->
        <test-method signature="runScenario(io.cucumber.testng.PickleWrapper,io.cucumber.testng.FeatureWrapper)[pri:0, instance:cucumber.TestNGTestRunner@791d1f8b]" started-at="2026-08-23T19:40:24 PDT" name="runScenario" description="Runs Cucumber Scenarios" data-provider="scenarios" finished-at="2026-08-23T19:40:30 PDT" duration-ms="6546" status="PASS">
          <params>
            <param index="0">
              <value>
                <![CDATA["Test incorrect name and password using misterdcs92@gmail.com"]]>
              </value>
            </param>
            <param index="1">
              <value>
                <![CDATA["Error validation"]]>
              </value>
            </param>
          </params>
          <reporter-output>
          </reporter-output>
        </test-method> <!-- runScenario -->
        <test-method signature="runScenario(io.cucumber.testng.PickleWrapper,io.cucumber.testng.FeatureWrapper)[pri:0, instance:cucumber.TestNGTestRunner@791d1f8b]" started-at="2026-08-23T19:40:30 PDT" name="runScenario" description="Runs Cucumber Scenarios" data-provider="scenarios" finished-at="2026-08-23T19:40:35 PDT" duration-ms="4887" status="PASS">
          <params>
            <param index="0">
              <value>
                <![CDATA["Test incorrect name and password using misterdcs1992@gmail.com"]]>
              </value>
            </param>
            <param index="1">
              <value>
                <![CDATA["Error validation"]]>
              </value>
            </param>
          </params>
          <reporter-output>
          </reporter-output>
        </test-method> <!-- runScenario -->
        <test-method signature="runScenario(io.cucumber.testng.PickleWrapper,io.cucumber.testng.FeatureWrapper)[pri:0, instance:cucumber.TestNGTestRunner@791d1f8b]" started-at="2026-08-23T19:40:35 PDT" name="runScenario" description="Runs Cucumber Scenarios" data-provider="scenarios" finished-at="2026-08-23T19:40:43 PDT" duration-ms="8170" status="PASS">
          <params>
            <param index="0">
              <value>
                <![CDATA["Submit order for ZARA COAT 3 using misterdcs92@gmail.com"]]>
              </value>
            </param>
            <param index="1">
              <value>
                <![CDATA["Purchase the order from Ecommerce Website"]]>
              </value>
            </param>
          </params>
          <reporter-output>
          </reporter-output>
        </test-method> <!-- runScenario -->
        <test-method signature="runScenario(io.cucumber.testng.PickleWrapper,io.cucumber.testng.FeatureWrapper)[pri:0, instance:cucumber.TestNGTestRunner@791d1f8b]" started-at="2026-08-23T19:40:43 PDT" name="runScenario" description="Runs Cucumber Scenarios" data-provider="scenarios" finished-at="2026-08-23T19:40:52 PDT" duration-ms="8251" status="PASS">
          <params>
            <param index="0">
              <value>
                <![CDATA["Submit order for ADIDAS ORIGINAL using misterdcs1992@gmail.com"]]>
              </value>
            </param>
            <param index="1">
              <value>
                <![CDATA["Purchase the order from Ecommerce Website"]]>
              </value>
            </param>
          </params>
          <reporter-output>
          </reporter-output>
        </test-method> <!-- runScenario -->
        <test-method is-config="true" signature="tearDownClass()[pri:0, instance:cucumber.TestNGTestRunner@791d1f8b]" started-at="2026-08-23T19:40:52 PDT" name="tearDownClass" finished-at="2026-08-23T19:40:52 PDT" duration-ms="12" status="PASS">
          <reporter-output>
          </reporter-output>
        </test-method> <!-- tearDownClass -->
      </class> <!-- cucumber.TestNGTestRunner -->
    </test> <!-- Cucumber Tests -->
  </suite> <!-- Suite -->
</testng-results>
