<?xml version="1.0" encoding="UTF-8"?>
<!-- Generated by org.testng.reporters.JUnitReportReporter -->
<testsuite hostname="DylanDesk" failures="0" tests="4" name="tests.ErrorValidation" time="26.023" errors="0" timestamp="2026-08-23T14:41:45 PDT" skipped="0">
  <testcase classname="tests.ErrorValidation" name="ProductErrorValidation" time="7.337"/>
  <testcase classname="tests.ErrorValidation" name="LoginErrorValidation" time="5.920"/>
  <testcase classname="tests.ErrorValidation" name="ProductErrorValidation" time="7.258"/>
  <testcase classname="tests.ErrorValidation" name="LoginErrorValidation" time="5.508"/>
</testsuite> <!-- tests.ErrorValidation -->
