<?xml version="1.0" encoding="UTF-8"?>
<!-- Generated by org.testng.reporters.JUnitReportReporter -->
<testsuite hostname="DylanDesk" failures="0" tests="4" name="tests.SubmitOrderTest" time="28.263" errors="0" timestamp="2026-08-23T13:19:45 PDT" skipped="0">
  <testcase classname="tests.SubmitOrderTest" name="submitOrder" time="9.161"/>
  <testcase classname="tests.SubmitOrderTest" name="submitOrder" time="8.189"/>
  <testcase classname="tests.SubmitOrderTest" name="OrderHistoryTest" time="5.465"/>
  <testcase classname="tests.SubmitOrderTest" name="OrderHistoryTest" time="5.448"/>
</testsuite> <!-- tests.SubmitOrderTest -->
