<?xml version="1.0" encoding="UTF-8"?>
<!-- Generated by org.testng.reporters.JUnitReportReporter -->
<testsuite hostname="DylanDesk" failures="0" tests="4" name="tests.SubmitOrderTest" time="29.828" errors="0" timestamp="2026-08-23T17:03:53 PDT" skipped="0">
  <testcase classname="tests.SubmitOrderTest" name="submitOrder" time="10.400"/>
  <testcase classname="tests.SubmitOrderTest" name="submitOrder" time="8.381"/>
  <testcase classname="tests.SubmitOrderTest" name="OrderHistoryTest" time="5.726"/>
  <testcase classname="tests.SubmitOrderTest" name="OrderHistoryTest" time="5.321"/>
</testsuite> <!-- tests.SubmitOrderTest -->
