<?xml version="1.0" encoding="UTF-8"?>
<!-- Generated by org.testng.reporters.JUnitReportReporter -->
<testsuite hostname="DylanDesk" failures="0" tests="4" name="tests.ErrorValidation" time="26.327" errors="0" timestamp="2026-08-23T13:19:45 PDT" skipped="0">
  <testcase classname="tests.ErrorValidation" name="ProductErrorValidation" time="7.899"/>
  <testcase classname="tests.ErrorValidation" name="LoginErrorValidation" time="5.135"/>
  <testcase classname="tests.ErrorValidation" name="LoginErrorValidation" time="5.297"/>
  <testcase classname="tests.ErrorValidation" name="ProductErrorValidation" time="7.996"/>
</testsuite> <!-- tests.ErrorValidation -->
