<?xml version="1.0" encoding="UTF-8"?>
<!-- Generated by org.testng.reporters.JUnitReportReporter -->
<testsuite hostname="DylanDesk" failures="0" tests="4" name="cucumber.TestNGTestRunner" time="26.819" errors="0" timestamp="2026-08-23T14:41:45 PDT" skipped="0">
  <testcase classname="cucumber.TestNGTestRunner" name="runScenario" time="8.048"/>
  <testcase classname="cucumber.TestNGTestRunner" name="runScenario" time="5.042"/>
  <testcase classname="cucumber.TestNGTestRunner" name="runScenario" time="7.883"/>
  <testcase classname="cucumber.TestNGTestRunner" name="runScenario" time="5.846"/>
</testsuite> <!-- cucumber.TestNGTestRunner -->
