<?xml version="1.0" encoding="UTF-8"?>
<!-- Generated by org.testng.reporters.JUnitReportReporter -->
<testsuite hostname="DylanDesk" failures="0" tests="4" name="cucumber.TestNGTestRunner" time="27.950" errors="0" timestamp="2026-08-23T23:59:02 PDT" skipped="0">
  <testcase classname="cucumber.TestNGTestRunner" name="runScenario" time="5.536"/>
  <testcase classname="cucumber.TestNGTestRunner" name="runScenario" time="8.111"/>
  <testcase classname="cucumber.TestNGTestRunner" name="runScenario" time="6.062"/>
  <testcase classname="cucumber.TestNGTestRunner" name="runScenario" time="8.241"/>
</testsuite> <!-- cucumber.TestNGTestRunner -->
