<?xml version="1.0" encoding="UTF-8"?>
<!-- Generated by org.testng.reporters.JUnitReportReporter -->
<testsuite hostname="DylanDesk" failures="0" tests="4" name="tests.ErrorValidation" time="26.488" errors="0" timestamp="2026-08-23T23:59:02 PDT" skipped="0">
  <testcase classname="tests.ErrorValidation" name="ProductErrorValidation" time="7.373"/>
  <testcase classname="tests.ErrorValidation" name="LoginErrorValidation" time="6.035"/>
  <testcase classname="tests.ErrorValidation" name="LoginErrorValidation" time="5.629"/>
  <testcase classname="tests.ErrorValidation" name="ProductErrorValidation" time="7.451"/>
</testsuite> <!-- tests.ErrorValidation -->
