<?xml version="1.0" encoding="UTF-8"?>
<!-- Generated by org.testng.reporters.JUnitReportReporter -->
<testsuite hostname="DylanDesk" failures="0" tests="4" name="tests.ErrorValidation" time="26.779" errors="0" timestamp="2026-08-23T23:30:02 PDT" skipped="0">
  <testcase classname="tests.ErrorValidation" name="LoginErrorValidation" time="5.228"/>
  <testcase classname="tests.ErrorValidation" name="LoginErrorValidation" time="5.039"/>
  <testcase classname="tests.ErrorValidation" name="ProductErrorValidation" time="9.231"/>
  <testcase classname="tests.ErrorValidation" name="ProductErrorValidation" time="7.281"/>
</testsuite> <!-- tests.ErrorValidation -->
