<?xml version="1.0" encoding="UTF-8"?>
<!-- Generated by org.testng.reporters.JUnitReportReporter -->
<testsuite hostname="DylanDesk" failures="0" tests="4" name="tests.SubmitOrderTest" time="28.616" errors="0" timestamp="2026-08-23T23:59:02 PDT" skipped="0">
  <testcase classname="tests.SubmitOrderTest" name="submitOrder" time="9.158"/>
  <testcase classname="tests.SubmitOrderTest" name="submitOrder" time="8.317"/>
  <testcase classname="tests.SubmitOrderTest" name="OrderHistoryTest" time="5.409"/>
  <testcase classname="tests.SubmitOrderTest" name="OrderHistoryTest" time="5.732"/>
</testsuite> <!-- tests.SubmitOrderTest -->
