<?xml version="1.0" encoding="UTF-8"?>
<!-- Generated by org.testng.reporters.JUnitReportReporter -->
<testsuite hostname="DylanDesk" failures="0" tests="4" name="tests.SubmitOrderTest" time="29.289" errors="0" timestamp="2026-08-23T22:50:09 PDT" skipped="0">
  <testcase classname="tests.SubmitOrderTest" name="submitOrder" time="8.577"/>
  <testcase classname="tests.SubmitOrderTest" name="OrderHistoryTest" time="6.812"/>
  <testcase classname="tests.SubmitOrderTest" name="submitOrder" time="8.057"/>
  <testcase classname="tests.SubmitOrderTest" name="OrderHistoryTest" time="5.843"/>
</testsuite> <!-- tests.SubmitOrderTest -->
