<?xml version="1.0" encoding="UTF-8"?>
<!-- Generated by org.testng.reporters.JUnitReportReporter -->
<testsuite hostname="DylanDesk" failures="0" tests="4" name="cucumber.TestNGTestRunner" time="29.600" errors="0" timestamp="2026-08-23T23:30:02 PDT" skipped="0">
  <testcase classname="cucumber.TestNGTestRunner" name="runScenario" time="6.601"/>
  <testcase classname="cucumber.TestNGTestRunner" name="runScenario" time="5.721"/>
  <testcase classname="cucumber.TestNGTestRunner" name="runScenario" time="8.285"/>
  <testcase classname="cucumber.TestNGTestRunner" name="runScenario" time="8.993"/>
</testsuite> <!-- cucumber.TestNGTestRunner -->
